<?xml version="1.0" encoding="UTF-8"?>
<!-- Generated by org.testng.reporters.JUnitXMLReporter -->
<testsuite hostname="XTM-01905072341" ignored="0" name="用户管理系统测试用例" tests="6" failures="0" timestamp="03 六月 2019 02:08:19 GMT" time="0.53" errors="0">
  <testcase name="loginTrue" time="0.36" classname="com.course.cases.LoginTest"/>
  <testcase name="loginFalse" time="0.029" classname="com.course.cases.LoginTest"/>
  <testcase name="addUserTest" time="0.026" classname="com.course.cases.AddUserTest"/>
  <testcase name="getUserInfo" time="0.026" classname="com.course.cases.GetUserInfoTest"/>
  <testcase name="updateUserInfo" time="0.022" classname="com.course.cases.UpdateUserInfoTest"/>
  <testcase name="getUserListInfo" time="0.022" classname="com.course.cases.GetUserInfoListTest"/>
</testsuite> <!-- 用户管理系统测试用例 -->
