<?xml version="1.0" encoding="UTF-8" ?>
<testsuite tests="6" failures="0" name="TestSuite" time="1.411" errors="0" skipped="0">
  <properties>
[...]
</properties>
  <testcase classname="com.course.cases.LoginTest" name="loginTrue" time="0.36"/>
  <testcase classname="com.course.cases.LoginTest" name="loginFalse" time="0.029"/>
  <testcase classname="com.course.cases.AddUserTest" name="addUserTest" time="0.026"/>
  <testcase classname="com.course.cases.GetUserInfoTest" name="getUserInfo" time="0.026"/>
  <testcase classname="com.course.cases.UpdateUserInfoTest" name="updateUserInfo" time="0.023"/>
  <testcase classname="com.course.cases.GetUserInfoListTest" name="getUserListInfo" time="0.023"/>
</testsuite>