<?xml version="1.0" encoding="UTF-8"?>
<testng-results skipped="0" failed="0" ignored="0" total="6" passed="6">
  <reporter-output>
  </reporter-output>
  <suite name="用户管理系统测试套件" duration-ms="530" started-at="2019-06-03T02:08:18Z" finished-at="2019-06-03T02:08:19Z">
    <groups>
      <group name="loginTrue">
        <method signature="LoginTest.loginTrue()[pri:0, instance:com.course.cases.LoginTest@134affc]" name="loginTrue" class="com.course.cases.LoginTest"/>
      </group> <!-- loginTrue -->
    </groups>
    <test name="用户管理系统测试用例" duration-ms="530" started-at="2019-06-03T02:08:18Z" finished-at="2019-06-03T02:08:19Z">
      <class name="com.course.cases.UpdateUserInfoTest">
        <test-method status="PASS" signature="updateUserInfo()[pri:0, instance:com.course.cases.UpdateUserInfoTest@17c7260]" name="updateUserInfo" duration-ms="22" depends-on-groups="loginTrue" started-at="2019-06-03T10:08:19Z" description="更改用户信息" finished-at="2019-06-03T10:08:19Z">
          <reporter-output>
          </reporter-output>
        </test-method> <!-- updateUserInfo -->
      </class> <!-- com.course.cases.UpdateUserInfoTest -->
      <class name="com.course.cases.LoginTest">
        <test-method status="PASS" signature="beforeTest()[pri:0, instance:com.course.cases.LoginTest@134affc]" name="beforeTest" is-config="true" duration-ms="29" started-at="2019-06-03T10:08:18Z" description="测试准备工作,获取HttpClient对象" finished-at="2019-06-03T10:08:18Z">
          <reporter-output>
          </reporter-output>
        </test-method> <!-- beforeTest -->
        <test-method status="PASS" signature="loginTrue()[pri:0, instance:com.course.cases.LoginTest@134affc]" name="loginTrue" duration-ms="360" started-at="2019-06-03T10:08:18Z" description="用户成功登陆接口" finished-at="2019-06-03T10:08:18Z">
          <reporter-output>
          </reporter-output>
        </test-method> <!-- loginTrue -->
        <test-method status="PASS" signature="loginFalse()[pri:0, instance:com.course.cases.LoginTest@134affc]" name="loginFalse" duration-ms="29" started-at="2019-06-03T10:08:18Z" description="用户登陆失败接口" finished-at="2019-06-03T10:08:18Z">
          <reporter-output>
          </reporter-output>
        </test-method> <!-- loginFalse -->
      </class> <!-- com.course.cases.LoginTest -->
      <class name="com.course.cases.GetUserInfoTest">
        <test-method status="PASS" signature="getUserInfo()[pri:0, instance:com.course.cases.GetUserInfoTest@10375b3]" name="getUserInfo" duration-ms="26" depends-on-groups="loginTrue" started-at="2019-06-03T10:08:18Z" description="获取userId为1的用户信息" finished-at="2019-06-03T10:08:19Z">
          <reporter-output>
          </reporter-output>
        </test-method> <!-- getUserInfo -->
      </class> <!-- com.course.cases.GetUserInfoTest -->
      <class name="com.course.cases.GetUserInfoListTest">
        <test-method status="PASS" signature="getUserListInfo()[pri:0, instance:com.course.cases.GetUserInfoListTest@1209079]" name="getUserListInfo" duration-ms="22" depends-on-groups="loginTrue" started-at="2019-06-03T10:08:19Z" description="获取性别为男的用户信息" finished-at="2019-06-03T10:08:19Z">
          <reporter-output>
          </reporter-output>
        </test-method> <!-- getUserListInfo -->
      </class> <!-- com.course.cases.GetUserInfoListTest -->
      <class name="com.course.cases.AddUserTest">
        <test-method status="PASS" signature="addUserTest()[pri:0, instance:com.course.cases.AddUserTest@d041cf]" name="addUserTest" duration-ms="26" depends-on-groups="loginTrue" started-at="2019-06-03T10:08:18Z" description="添加用户接口接口" finished-at="2019-06-03T10:08:18Z">
          <reporter-output>
          </reporter-output>
        </test-method> <!-- addUserTest -->
      </class> <!-- com.course.cases.AddUserTest -->
    </test> <!-- 用户管理系统测试用例 -->
  </suite> <!-- 用户管理系统测试套件 -->
</testng-results>
